TN:
SF:static/js/darkmode.js
FN:9,(anonymous_0)
FN:19,(anonymous_1)
FN:32,(anonymous_2)
FN:41,(anonymous_3)
FN:61,(anonymous_4)
FN:84,(anonymous_5)
FN:101,(anonymous_6)
FN:110,createDarkModeToggle
FN:118,(anonymous_8)
FNF:9
FNH:0
FNDA:0,(anonymous_0)
FNDA:0,(anonymous_1)
FNDA:0,(anonymous_2)
FNDA:0,(anonymous_3)
FNDA:0,(anonymous_4)
FNDA:0,(anonymous_5)
FNDA:0,(anonymous_6)
FNDA:0,createDarkModeToggle
FNDA:0,(anonymous_8)
DA:9,0
DA:14,0
DA:21,0
DA:22,0
DA:23,0
DA:27,0
DA:30,0
DA:31,0
DA:32,0
DA:33,0
DA:34,0
DA:42,0
DA:44,0
DA:47,0
DA:51,0
DA:54,0
DA:57,0
DA:62,0
DA:64,0
DA:67,0
DA:71,0
DA:72,0
DA:74,0
DA:78,0
DA:79,0
DA:85,0
DA:87,0
DA:88,0
DA:89,0
DA:90,0
DA:91,0
DA:93,0
DA:94,0
DA:95,0
DA:101,0
DA:103,0
DA:106,0
DA:112,0
DA:113,0
DA:114,0
DA:115,0
DA:118,0
DA:119,0
DA:123,0
DA:124,0
DA:126,0
DA:129,0
LF:47
LH:0
BRDA:22,0,0,0
BRDA:22,0,1,0
BRDA:30,1,0,0
BRDA:30,1,1,0
BRDA:33,2,0,0
BRDA:33,2,1,0
BRDA:42,3,0,0
BRDA:42,3,1,0
BRDA:44,4,0,0
BRDA:44,4,1,0
BRDA:47,5,0,0
BRDA:47,5,1,0
BRDA:62,6,0,0
BRDA:62,6,1,0
BRDA:64,7,0,0
BRDA:64,7,1,0
BRDA:71,8,0,0
BRDA:71,8,1,0
BRDA:78,9,0,0
BRDA:78,9,1,0
BRDA:85,10,0,0
BRDA:85,10,1,0
BRDA:88,11,0,0
BRDA:88,11,1,0
BRDA:124,12,0,0
BRDA:124,12,1,0
BRF:26
BRH:0
end_of_record
TN:
SF:static/js/dashboard.js
FN:5,(anonymous_0)
FN:10,(anonymous_1)
FN:15,(anonymous_2)
FN:17,(anonymous_3)
FN:34,(anonymous_4)
FN:51,(anonymous_5)
FN:58,(anonymous_6)
FN:66,(anonymous_7)
FN:100,(anonymous_8)
FN:105,(anonymous_9)
FN:114,(anonymous_10)
FN:140,(anonymous_11)
FN:150,(anonymous_12)
FN:167,(anonymous_13)
FN:177,(anonymous_14)
FN:182,(anonymous_15)
FN:204,(anonymous_16)
FN:211,(anonymous_17)
FN:216,(anonymous_18)
FN:220,(anonymous_19)
FN:249,(anonymous_20)
FN:254,(anonymous_21)
FN:267,(anonymous_22)
FN:272,createNewDocument
FN:274,(anonymous_24)
FN:278,createNewProject
FN:282,copyProject
FN:307,(anonymous_27)
FN:308,(anonymous_28)
FN:311,(anonymous_29)
FN:316,(anonymous_30)
FN:320,(anonymous_31)
FN:326,getCsrfToken
FN:337,showNotification
FN:366,(anonymous_34)
FN:371,editDocument
FN:375,shareDocument
FN:379,deleteDocument
FN:381,(anonymous_38)
FN:385,showProfile
FN:389,logout
FNF:41
FNH:0
FNDA:0,(anonymous_0)
FNDA:0,(anonymous_1)
FNDA:0,(anonymous_2)
FNDA:0,(anonymous_3)
FNDA:0,(anonymous_4)
FNDA:0,(anonymous_5)
FNDA:0,(anonymous_6)
FNDA:0,(anonymous_7)
FNDA:0,(anonymous_8)
FNDA:0,(anonymous_9)
FNDA:0,(anonymous_10)
FNDA:0,(anonymous_11)
FNDA:0,(anonymous_12)
FNDA:0,(anonymous_13)
FNDA:0,(anonymous_14)
FNDA:0,(anonymous_15)
FNDA:0,(anonymous_16)
FNDA:0,(anonymous_17)
FNDA:0,(anonymous_18)
FNDA:0,(anonymous_19)
FNDA:0,(anonymous_20)
FNDA:0,(anonymous_21)
FNDA:0,(anonymous_22)
FNDA:0,createNewDocument
FNDA:0,(anonymous_24)
FNDA:0,createNewProject
FNDA:0,copyProject
FNDA:0,(anonymous_27)
FNDA:0,(anonymous_28)
FNDA:0,(anonymous_29)
FNDA:0,(anonymous_30)
FNDA:0,(anonymous_31)
FNDA:0,getCsrfToken
FNDA:0,showNotification
FNDA:0,(anonymous_34)
FNDA:0,editDocument
FNDA:0,shareDocument
FNDA:0,deleteDocument
FNDA:0,(anonymous_38)
FNDA:0,showProfile
FNDA:0,logout
DA:6,0
DA:7,0
DA:11,0
DA:12,0
DA:17,0
DA:18,0
DA:19,0
DA:22,0
DA:23,0
DA:24,0
DA:27,0
DA:28,0
DA:29,0
DA:35,0
DA:36,0
DA:42,0
DA:43,0
DA:44,0
DA:47,0
DA:53,0
DA:58,0
DA:59,0
DA:60,0
DA:61,0
DA:68,0
DA:100,0
DA:105,0
DA:109,0
DA:110,0
DA:111,0
DA:115,0
DA:116,0
DA:118,0
DA:125,0
DA:126,0
DA:135,0
DA:137,0
DA:138,0
DA:139,0
DA:140,0
DA:142,0
DA:145,0
DA:146,0
DA:151,0
DA:152,0
DA:155,0
DA:156,0
DA:163,0
DA:165,0
DA:166,0
DA:167,0
DA:169,0
DA:172,0
DA:173,0
DA:178,0
DA:179,0
DA:180,0
DA:182,0
DA:183,0
DA:186,0
DA:204,0
DA:205,0
DA:208,0
DA:212,0
DA:213,0
DA:214,0
DA:215,0
DA:216,0
DA:222,0
DA:223,0
DA:224,0
DA:226,0
DA:236,0
DA:237,0
DA:238,0
DA:239,0
DA:240,0
DA:243,0
DA:245,0
DA:246,0
DA:249,0
DA:250,0
DA:255,0
DA:256,0
DA:257,0
DA:258,0
DA:259,0
DA:262,0
DA:267,0
DA:268,0
DA:273,0
DA:274,0
DA:279,0
DA:283,0
DA:284,0
DA:285,0
DA:288,0
DA:289,0
DA:290,0
DA:294,0
DA:295,0
DA:296,0
DA:297,0
DA:299,0
DA:307,0
DA:309,0
DA:310,0
DA:311,0
DA:313,0
DA:317,0
DA:318,0
DA:321,0
DA:322,0
DA:327,0
DA:328,0
DA:329,0
DA:330,0
DA:331,0
DA:334,0
DA:339,0
DA:340,0
DA:341,0
DA:343,0
DA:353,0
DA:354,0
DA:355,0
DA:356,0
DA:357,0
DA:360,0
DA:362,0
DA:363,0
DA:366,0
DA:367,0
DA:372,0
DA:376,0
DA:380,0
DA:381,0
DA:386,0
DA:390,0
DA:392,0
LF:140
LH:0
BRDA:18,0,0,0
BRDA:18,0,1,0
BRDA:22,1,0,0
BRDA:22,1,1,0
BRDA:27,2,0,0
BRDA:27,2,1,0
BRDA:42,3,0,0
BRDA:42,3,1,0
BRDA:60,4,0,0
BRDA:60,4,1,0
BRDA:137,5,0,0
BRDA:137,5,1,0
BRDA:137,6,0,0
BRDA:137,6,1,0
BRDA:142,7,0,0
BRDA:142,7,1,0
BRDA:151,8,0,0
BRDA:151,8,1,0
BRDA:165,9,0,0
BRDA:165,9,1,0
BRDA:165,10,0,0
BRDA:165,10,1,0
BRDA:169,11,0,0
BRDA:169,11,1,0
BRDA:177,12,0,0
BRDA:213,13,0,0
BRDA:213,13,1,0
BRDA:220,14,0,0
BRDA:223,15,0,0
BRDA:223,15,1,0
BRDA:223,16,0,0
BRDA:223,16,1,0
BRDA:237,17,0,0
BRDA:237,17,1,0
BRDA:258,18,0,0
BRDA:258,18,1,0
BRDA:283,19,0,0
BRDA:283,19,1,0
BRDA:289,20,0,0
BRDA:289,20,1,0
BRDA:309,21,0,0
BRDA:309,21,1,0
BRDA:313,22,0,0
BRDA:313,22,1,0
BRDA:330,23,0,0
BRDA:330,23,1,0
BRDA:337,24,0,0
BRDA:340,25,0,0
BRDA:340,25,1,0
BRDA:340,26,0,0
BRDA:340,26,1,0
BRDA:354,27,0,0
BRDA:354,27,1,0
BRDA:390,28,0,0
BRDA:390,28,1,0
BRF:55
BRH:0
end_of_record
TN:
SF:static/js/document-manager.js
FN:8,(anonymous_0)
FN:20,(anonymous_1)
FN:24,(anonymous_2)
FN:33,(anonymous_3)
FN:41,(anonymous_4)
FN:49,(anonymous_5)
FN:64,(anonymous_6)
FN:98,(anonymous_7)
FN:157,(anonymous_8)
FN:184,(anonymous_9)
FN:214,(anonymous_10)
FN:215,(anonymous_11)
FN:225,(anonymous_12)
FN:227,(anonymous_13)
FN:235,(anonymous_14)
FN:246,(anonymous_15)
FN:259,(anonymous_16)
FN:273,(anonymous_17)
FN:303,(anonymous_18)
FN:332,(anonymous_19)
FN:361,(anonymous_20)
FN:384,(anonymous_21)
FN:406,(anonymous_22)
FN:429,(anonymous_23)
FN:438,(anonymous_24)
FN:442,(anonymous_25)
FN:446,(anonymous_26)
FN:455,(anonymous_27)
FN:460,(anonymous_28)
FN:467,(anonymous_29)
FN:474,(anonymous_30)
FN:480,(anonymous_31)
FN:486,(anonymous_32)
FNF:33
FNH:0
FNDA:0,(anonymous_0)
FNDA:0,(anonymous_1)
FNDA:0,(anonymous_2)
FNDA:0,(anonymous_3)
FNDA:0,(anonymous_4)
FNDA:0,(anonymous_5)
FNDA:0,(anonymous_6)
FNDA:0,(anonymous_7)
FNDA:0,(anonymous_8)
FNDA:0,(anonymous_9)
FNDA:0,(anonymous_10)
FNDA:0,(anonymous_11)
FNDA:0,(anonymous_12)
FNDA:0,(anonymous_13)
FNDA:0,(anonymous_14)
FNDA:0,(anonymous_15)
FNDA:0,(anonymous_16)
FNDA:0,(anonymous_17)
FNDA:0,(anonymous_18)
FNDA:0,(anonymous_19)
FNDA:0,(anonymous_20)
FNDA:0,(anonymous_21)
FNDA:0,(anonymous_22)
FNDA:0,(anonymous_23)
FNDA:0,(anonymous_24)
FNDA:0,(anonymous_25)
FNDA:0,(anonymous_26)
FNDA:0,(anonymous_27)
FNDA:0,(anonymous_28)
FNDA:0,(anonymous_29)
FNDA:0,(anonymous_30)
FNDA:0,(anonymous_31)
FNDA:0,(anonymous_32)
DA:9,0
DA:10,0
DA:11,0
DA:13,0
DA:14,0
DA:22,0
DA:23,0
DA:24,0
DA:25,0
DA:26,0
DA:31,0
DA:32,0
DA:33,0
DA:34,0
DA:39,0
DA:40,0
DA:41,0
DA:42,0
DA:47,0
DA:48,0
DA:49,0
DA:50,0
DA:51,0
DA:52,0
DA:53,0
DA:54,0
DA:55,0
DA:65,0
DA:66,0
DA:68,0
DA:69,0
DA:71,0
DA:79,0
DA:81,0
DA:82,0
DA:83,0
DA:84,0
DA:86,0
DA:89,0
DA:91,0
DA:99,0
DA:100,0
DA:101,0
DA:104,0
DA:105,0
DA:106,0
DA:110,0
DA:111,0
DA:112,0
DA:115,0
DA:116,0
DA:117,0
DA:120,0
DA:121,0
DA:124,0
DA:126,0
DA:136,0
DA:138,0
DA:139,0
DA:144,0
DA:145,0
DA:147,0
DA:150,0
DA:158,0
DA:159,0
DA:167,0
DA:169,0
DA:170,0
DA:171,0
DA:172,0
DA:174,0
DA:177,0
DA:185,0
DA:186,0
DA:189,0
DA:190,0
DA:198,0
DA:200,0
DA:201,0
DA:202,0
DA:204,0
DA:207,0
DA:215,0
DA:216,0
DA:218,0
DA:226,0
DA:227,0
DA:228,0
DA:236,0
DA:237,0
DA:238,0
DA:240,0
DA:247,0
DA:248,0
DA:250,0
DA:251,0
DA:256,0
DA:259,0
DA:273,0
DA:304,0
DA:305,0
DA:307,0
DA:333,0
DA:334,0
DA:336,0
DA:337,0
DA:338,0
DA:339,0
DA:341,0
DA:342,0
DA:346,0
DA:347,0
DA:348,0
DA:352,0
DA:353,0
DA:354,0
DA:362,0
DA:363,0
DA:365,0
DA:366,0
DA:369,0
DA:370,0
DA:371,0
DA:375,0
DA:376,0
DA:377,0
DA:386,0
DA:387,0
DA:388,0
DA:406,0
DA:422,0
DA:425,0
DA:426,0
DA:427,0
DA:429,0
DA:430,0
DA:439,0
DA:443,0
DA:447,0
DA:448,0
DA:450,0
DA:451,0
DA:452,0
DA:455,0
DA:456,0
DA:461,0
DA:462,0
DA:463,0
DA:468,0
DA:469,0
DA:470,0
DA:475,0
DA:476,0
DA:477,0
DA:481,0
DA:486,0
DA:487,0
LF:157
LH:0
BRDA:23,0,0,0
BRDA:23,0,1,0
BRDA:32,1,0,0
BRDA:32,1,1,0
BRDA:40,2,0,0
BRDA:40,2,1,0
BRDA:48,3,0,0
BRDA:48,3,1,0
BRDA:50,4,0,0
BRDA:50,4,1,0
BRDA:52,5,0,0
BRDA:52,5,1,0
BRDA:54,6,0,0
BRDA:54,6,1,0
BRDA:64,7,0,0
BRDA:69,8,0,0
BRDA:69,8,1,0
BRDA:81,9,0,0
BRDA:81,9,1,0
BRDA:110,10,0,0
BRDA:110,10,1,0
BRDA:115,11,0,0
BRDA:115,11,1,0
BRDA:121,12,0,0
BRDA:121,12,1,0
BRDA:124,13,0,0
BRDA:124,13,1,0
BRDA:138,14,0,0
BRDA:138,14,1,0
BRDA:140,15,0,0
BRDA:140,15,1,0
BRDA:169,16,0,0
BRDA:169,16,1,0
BRDA:185,17,0,0
BRDA:185,17,1,0
BRDA:200,18,0,0
BRDA:200,18,1,0
BRDA:216,19,0,0
BRDA:216,19,1,0
BRDA:237,20,0,0
BRDA:237,20,1,0
BRDA:248,21,0,0
BRDA:248,21,1,0
BRDA:250,22,0,0
BRDA:250,22,1,0
BRDA:269,23,0,0
BRDA:269,23,1,0
BRDA:271,24,0,0
BRDA:271,24,1,0
BRDA:283,25,0,0
BRDA:283,25,1,0
BRDA:305,26,0,0
BRDA:305,26,1,0
BRDA:305,27,0,0
BRDA:305,27,1,0
BRDA:309,28,0,0
BRDA:309,28,1,0
BRDA:320,29,0,0
BRDA:320,29,1,0
BRDA:334,30,0,0
BRDA:334,30,1,0
BRDA:341,31,0,0
BRDA:341,31,1,0
BRDA:347,32,0,0
BRDA:347,32,1,0
BRDA:353,33,0,0
BRDA:353,33,1,0
BRDA:363,34,0,0
BRDA:363,34,1,0
BRDA:370,35,0,0
BRDA:370,35,1,0
BRDA:376,36,0,0
BRDA:376,36,1,0
BRDA:403,37,0,0
BRDA:403,37,1,0
BRDA:425,38,0,0
BRDA:425,38,1,0
BRDA:448,39,0,0
BRDA:448,39,1,0
BRDA:462,40,0,0
BRDA:462,40,1,0
BRDA:463,41,0,0
BRDA:463,41,1,0
BRDA:469,42,0,0
BRDA:469,42,1,0
BRDA:481,43,0,0
BRDA:481,43,1,0
BRF:87
BRH:0
end_of_record
TN:
SF:static/js/dropdown.js
FN:3,(anonymous_0)
FN:8,(anonymous_1)
FN:9,(anonymous_2)
FN:15,(anonymous_3)
FN:27,(anonymous_4)
FN:29,(anonymous_5)
FNF:6
FNH:0
FNDA:0,(anonymous_0)
FNDA:0,(anonymous_1)
FNDA:0,(anonymous_2)
FNDA:0,(anonymous_3)
FNDA:0,(anonymous_4)
FNDA:0,(anonymous_5)
DA:3,0
DA:5,0
DA:8,0
DA:9,0
DA:10,0
DA:11,0
DA:12,0
DA:15,0
DA:16,0
DA:17,0
DA:22,0
DA:27,0
DA:28,0
DA:29,0
DA:30,0
LF:15
LH:0
BRDA:16,0,0,0
BRDA:16,0,1,0
BRDA:28,1,0,0
BRDA:28,1,1,0
BRF:4
BRH:0
end_of_record
TN:
SF:static/js/landing.js
FN:5,(anonymous_0)
FN:10,initLandingPage
FN:16,(anonymous_2)
FN:25,(anonymous_3)
FN:26,(anonymous_4)
FN:36,(anonymous_5)
FN:65,(anonymous_6)
FN:68,(anonymous_7)
FN:72,(anonymous_8)
FN:77,(anonymous_9)
FN:98,(anonymous_10)
FN:99,(anonymous_11)
FN:104,(anonymous_12)
FN:127,(anonymous_13)
FN:128,(anonymous_14)
FN:136,(anonymous_15)
FNF:16
FNH:0
FNDA:0,(anonymous_0)
FNDA:0,initLandingPage
FNDA:0,(anonymous_2)
FNDA:0,(anonymous_3)
FNDA:0,(anonymous_4)
FNDA:0,(anonymous_5)
FNDA:0,(anonymous_6)
FNDA:0,(anonymous_7)
FNDA:0,(anonymous_8)
FNDA:0,(anonymous_9)
FNDA:0,(anonymous_10)
FNDA:0,(anonymous_11)
FNDA:0,(anonymous_12)
FNDA:0,(anonymous_13)
FNDA:0,(anonymous_14)
FNDA:0,(anonymous_15)
DA:5,0
DA:7,0
DA:12,0
DA:13,0
DA:15,0
DA:16,0
DA:17,0
DA:22,0
DA:24,0
DA:25,0
DA:26,0
DA:27,0
DA:30,0
DA:31,0
DA:32,0
DA:34,0
DA:36,0
DA:37,0
DA:41,0
DA:44,0
DA:50,0
DA:51,0
DA:60,0
DA:61,0
DA:62,0
DA:65,0
DA:67,0
DA:68,0
DA:69,0
DA:72,0
DA:73,0
DA:77,0
DA:78,0
DA:79,0
DA:80,0
DA:81,0
DA:83,0
DA:84,0
DA:87,0
DA:96,0
DA:98,0
DA:99,0
DA:100,0
DA:101,0
DA:104,0
DA:105,0
DA:109,0
DA:110,0
DA:111,0
DA:113,0
DA:119,0
DA:121,0
DA:122,0
DA:127,0
DA:128,0
DA:129,0
DA:131,0
DA:132,0
DA:136,0
DA:137,0
DA:138,0
LF:61
LH:0
BRDA:15,0,0,0
BRDA:15,0,1,0
BRDA:15,1,0,0
BRDA:15,1,1,0
BRDA:24,2,0,0
BRDA:24,2,1,0
BRDA:30,3,0,0
BRDA:30,3,1,0
BRDA:30,4,0,0
BRDA:30,4,1,0
BRDA:34,5,0,0
BRDA:34,5,1,0
BRDA:50,6,0,0
BRDA:50,6,1,0
BRDA:50,7,0,0
BRDA:50,7,1,0
BRDA:67,8,0,0
BRDA:67,8,1,0
BRDA:73,9,0,0
BRDA:73,9,1,0
BRDA:78,10,0,0
BRDA:78,10,1,0
BRDA:80,11,0,0
BRDA:80,11,1,0
BRDA:81,12,0,0
BRDA:81,12,1,0
BRDA:109,13,0,0
BRDA:109,13,1,0
BRDA:121,14,0,0
BRDA:121,14,1,0
BRDA:129,15,0,0
BRDA:129,15,1,0
BRF:32
BRH:0
end_of_record
TN:
SF:static/js/main.js
FN:5,(anonymous_0)
FN:10,initApp
FN:16,(anonymous_2)
FNF:3
FNH:0
FNDA:0,(anonymous_0)
FNDA:0,initApp
FNDA:0,(anonymous_2)
DA:5,0
DA:7,0
DA:14,0
DA:15,0
DA:16,0
LF:5
LH:0
BRDA:15,0,0,0
BRDA:15,0,1,0
BRF:2
BRH:0
end_of_record
TN:
SF:static/js/module-cards.js
FNF:0
FNH:0
LF:0
LH:0
BRF:0
BRH:0
end_of_record
TN:
SF:static/js/onboarding.js
FN:8,(anonymous_0)
FN:25,(anonymous_1)
FN:38,(anonymous_2)
FN:53,(anonymous_3)
FN:58,(anonymous_4)
FN:63,(anonymous_5)
FN:108,(anonymous_6)
FN:119,(anonymous_7)
FN:136,(anonymous_8)
FN:147,(anonymous_9)
FN:169,(anonymous_10)
FN:193,(anonymous_11)
FN:204,(anonymous_12)
FN:226,(anonymous_13)
FN:235,(anonymous_14)
FN:260,(anonymous_15)
FN:285,(anonymous_16)
FN:310,(anonymous_17)
FN:325,(anonymous_18)
FN:340,(anonymous_19)
FN:349,(anonymous_20)
FN:375,(anonymous_21)
FN:396,(anonymous_22)
FN:422,(anonymous_23)
FN:451,(anonymous_24)
FN:456,(anonymous_25)
FN:460,(anonymous_26)
FN:487,(anonymous_27)
FN:494,(anonymous_28)
FN:500,(anonymous_29)
FN:507,(anonymous_30)
FN:531,(anonymous_31)
FN:541,(anonymous_32)
FN:546,(anonymous_33)
FN:548,(anonymous_34)
FN:555,(anonymous_35)
FN:561,(anonymous_36)
FN:566,(anonymous_37)
FN:578,(anonymous_38)
FNF:39
FNH:0
FNDA:0,(anonymous_0)
FNDA:0,(anonymous_1)
FNDA:0,(anonymous_2)
FNDA:0,(anonymous_3)
FNDA:0,(anonymous_4)
FNDA:0,(anonymous_5)
FNDA:0,(anonymous_6)
FNDA:0,(anonymous_7)
FNDA:0,(anonymous_8)
FNDA:0,(anonymous_9)
FNDA:0,(anonymous_10)
FNDA:0,(anonymous_11)
FNDA:0,(anonymous_12)
FNDA:0,(anonymous_13)
FNDA:0,(anonymous_14)
FNDA:0,(anonymous_15)
FNDA:0,(anonymous_16)
FNDA:0,(anonymous_17)
FNDA:0,(anonymous_18)
FNDA:0,(anonymous_19)
FNDA:0,(anonymous_20)
FNDA:0,(anonymous_21)
FNDA:0,(anonymous_22)
FNDA:0,(anonymous_23)
FNDA:0,(anonymous_24)
FNDA:0,(anonymous_25)
FNDA:0,(anonymous_26)
FNDA:0,(anonymous_27)
FNDA:0,(anonymous_28)
FNDA:0,(anonymous_29)
FNDA:0,(anonymous_30)
FNDA:0,(anonymous_31)
FNDA:0,(anonymous_32)
FNDA:0,(anonymous_33)
FNDA:0,(anonymous_34)
FNDA:0,(anonymous_35)
FNDA:0,(anonymous_36)
FNDA:0,(anonymous_37)
FNDA:0,(anonymous_38)
DA:9,0
DA:10,0
DA:11,0
DA:12,0
DA:13,0
DA:14,0
DA:22,0
DA:27,0
DA:28,0
DA:32,0
DA:35,0
DA:40,0
DA:41,0
DA:44,0
DA:45,0
DA:46,0
DA:47,0
DA:50,0
DA:54,0
DA:55,0
DA:58,0
DA:59,0
DA:64,0
DA:65,0
DA:66,0
DA:108,0
DA:109,0
DA:110,0
DA:111,0
DA:112,0
DA:116,0
DA:120,0
DA:122,0
DA:123,0
DA:125,0
DA:126,0
DA:128,0
DA:129,0
DA:131,0
DA:132,0
DA:137,0
DA:138,0
DA:140,0
DA:141,0
DA:142,0
DA:144,0
DA:149,0
DA:152,0
DA:153,0
DA:154,0
DA:157,0
DA:158,0
DA:161,0
DA:162,0
DA:166,0
DA:170,0
DA:171,0
DA:172,0
DA:193,0
DA:194,0
DA:195,0
DA:196,0
DA:197,0
DA:201,0
DA:205,0
DA:207,0
DA:208,0
DA:209,0
DA:211,0
DA:213,0
DA:215,0
DA:216,0
DA:217,0
DA:219,0
DA:221,0
DA:222,0
DA:227,0
DA:228,0
DA:229,0
DA:232,0
DA:236,0
DA:261,0
DA:286,0
DA:311,0
DA:326,0
DA:342,0
DA:344,0
DA:345,0
DA:346,0
DA:347,0
DA:349,0
DA:350,0
DA:354,0
DA:372,0
DA:376,0
DA:377,0
DA:378,0
DA:396,0
DA:397,0
DA:398,0
DA:399,0
DA:400,0
DA:404,0
DA:407,0
DA:408,0
DA:409,0
DA:423,0
DA:425,0
DA:426,0
DA:428,0
DA:429,0
DA:431,0
DA:432,0
DA:434,0
DA:435,0
DA:437,0
DA:438,0
DA:440,0
DA:441,0
DA:443,0
DA:444,0
DA:446,0
DA:447,0
DA:453,0
DA:457,0
DA:461,0
DA:462,0
DA:463,0
DA:470,0
DA:484,0
DA:487,0
DA:488,0
DA:489,0
DA:495,0
DA:496,0
DA:501,0
DA:502,0
DA:503,0
DA:508,0
DA:510,0
DA:516,0
DA:519,0
DA:520,0
DA:521,0
DA:522,0
DA:533,0
DA:534,0
DA:537,0
DA:538,0
DA:541,0
DA:542,0
DA:547,0
DA:548,0
DA:549,0
DA:550,0
DA:557,0
DA:558,0
DA:559,0
DA:560,0
DA:561,0
DA:567,0
DA:568,0
DA:569,0
DA:570,0
DA:571,0
DA:572,0
DA:573,0
DA:578,0
DA:579,0
DA:583,0
DA:839,0
LF:171
LH:0
BRDA:27,0,0,0
BRDA:27,0,1,0
BRDA:44,1,0,0
BRDA:44,1,1,0
BRDA:44,2,0,0
BRDA:44,2,1,0
BRDA:110,3,0,0
BRDA:110,3,1,0
BRDA:120,4,0,0
BRDA:120,4,1,0
BRDA:120,4,2,0
BRDA:120,4,3,0
BRDA:138,5,0,0
BRDA:138,5,1,0
BRDA:161,6,0,0
BRDA:161,6,1,0
BRDA:176,7,0,0
BRDA:176,7,1,0
BRDA:184,8,0,0
BRDA:184,8,1,0
BRDA:186,9,0,0
BRDA:186,9,1,0
BRDA:195,10,0,0
BRDA:195,10,1,0
BRDA:205,11,0,0
BRDA:205,11,1,0
BRDA:205,11,2,0
BRDA:207,12,0,0
BRDA:207,12,1,0
BRDA:215,13,0,0
BRDA:215,13,1,0
BRDA:342,14,0,0
BRDA:342,14,1,0
BRDA:398,15,0,0
BRDA:398,15,1,0
BRDA:423,16,0,0
BRDA:423,16,1,0
BRDA:423,16,2,0
BRDA:423,16,3,0
BRDA:423,16,4,0
BRDA:423,16,5,0
BRDA:423,16,6,0
BRDA:423,16,7,0
BRDA:460,17,0,0
BRDA:475,18,0,0
BRDA:475,18,1,0
BRDA:475,19,0,0
BRDA:475,19,1,0
BRDA:476,20,0,0
BRDA:476,20,1,0
BRDA:476,21,0,0
BRDA:476,21,1,0
BRDA:479,22,0,0
BRDA:479,22,1,0
BRDA:479,23,0,0
BRDA:479,23,1,0
BRDA:488,24,0,0
BRDA:488,24,1,0
BRDA:502,25,0,0
BRDA:502,25,1,0
BRDA:508,26,0,0
BRDA:508,26,1,0
BRDA:520,27,0,0
BRDA:520,27,1,0
BRDA:534,28,0,0
BRDA:534,28,1,0
BRDA:538,29,0,0
BRDA:538,29,1,0
BRDA:549,30,0,0
BRDA:549,30,1,0
BRDA:558,31,0,0
BRDA:558,31,1,0
BRDA:560,32,0,0
BRDA:560,32,1,0
BRDA:568,33,0,0
BRDA:568,33,1,0
BRDA:569,34,0,0
BRDA:569,34,1,0
BRDA:570,35,0,0
BRDA:570,35,1,0
BRDA:571,36,0,0
BRDA:571,36,1,0
BRDA:572,37,0,0
BRDA:572,37,1,0
BRF:84
BRH:0
end_of_record
TN:
SF:static/js/profile-manager.js
FN:8,(anonymous_0)
FN:19,(anonymous_1)
FN:23,(anonymous_2)
FN:35,(anonymous_3)
FN:43,(anonymous_4)
FN:50,(anonymous_5)
FN:53,(anonymous_6)
FN:63,(anonymous_7)
FN:65,(anonymous_8)
FN:67,(anonymous_9)
FN:76,(anonymous_10)
FN:91,(anonymous_11)
FN:114,(anonymous_12)
FN:146,(anonymous_13)
FN:195,(anonymous_14)
FN:223,(anonymous_15)
FN:231,(anonymous_16)
FN:239,(anonymous_17)
FN:251,(anonymous_18)
FN:277,(anonymous_19)
FN:290,(anonymous_20)
FN:312,(anonymous_21)
FN:325,(anonymous_22)
FN:331,(anonymous_23)
FN:346,(anonymous_24)
FN:355,(anonymous_25)
FN:364,(anonymous_26)
FN:382,(anonymous_27)
FN:409,(anonymous_28)
FN:429,(anonymous_29)
FN:434,(anonymous_30)
FN:458,(anonymous_31)
FN:462,(anonymous_32)
FN:466,(anonymous_33)
FN:475,(anonymous_34)
FN:480,(anonymous_35)
FN:487,(anonymous_36)
FN:494,(anonymous_37)
FN:500,(anonymous_38)
FNF:39
FNH:0
FNDA:0,(anonymous_0)
FNDA:0,(anonymous_1)
FNDA:0,(anonymous_2)
FNDA:0,(anonymous_3)
FNDA:0,(anonymous_4)
FNDA:0,(anonymous_5)
FNDA:0,(anonymous_6)
FNDA:0,(anonymous_7)
FNDA:0,(anonymous_8)
FNDA:0,(anonymous_9)
FNDA:0,(anonymous_10)
FNDA:0,(anonymous_11)
FNDA:0,(anonymous_12)
FNDA:0,(anonymous_13)
FNDA:0,(anonymous_14)
FNDA:0,(anonymous_15)
FNDA:0,(anonymous_16)
FNDA:0,(anonymous_17)
FNDA:0,(anonymous_18)
FNDA:0,(anonymous_19)
FNDA:0,(anonymous_20)
FNDA:0,(anonymous_21)
FNDA:0,(anonymous_22)
FNDA:0,(anonymous_23)
FNDA:0,(anonymous_24)
FNDA:0,(anonymous_25)
FNDA:0,(anonymous_26)
FNDA:0,(anonymous_27)
FNDA:0,(anonymous_28)
FNDA:0,(anonymous_29)
FNDA:0,(anonymous_30)
FNDA:0,(anonymous_31)
FNDA:0,(anonymous_32)
FNDA:0,(anonymous_33)
FNDA:0,(anonymous_34)
FNDA:0,(anonymous_35)
FNDA:0,(anonymous_36)
FNDA:0,(anonymous_37)
FNDA:0,(anonymous_38)
DA:9,0
DA:10,0
DA:12,0
DA:13,0
DA:21,0
DA:22,0
DA:23,0
DA:24,0
DA:25,0
DA:30,0
DA:33,0
DA:34,0
DA:35,0
DA:36,0
DA:41,0
DA:42,0
DA:43,0
DA:44,0
DA:49,0
DA:50,0
DA:51,0
DA:52,0
DA:53,0
DA:54,0
DA:64,0
DA:65,0
DA:66,0
DA:67,0
DA:68,0
DA:77,0
DA:78,0
DA:79,0
DA:80,0
DA:82,0
DA:83,0
DA:85,0
DA:92,0
DA:93,0
DA:95,0
DA:96,0
DA:97,0
DA:99,0
DA:102,0
DA:103,0
DA:104,0
DA:106,0
DA:107,0
DA:115,0
DA:116,0
DA:118,0
DA:126,0
DA:128,0
DA:129,0
DA:130,0
DA:131,0
DA:132,0
DA:134,0
DA:137,0
DA:139,0
DA:147,0
DA:148,0
DA:149,0
DA:152,0
DA:153,0
DA:155,0
DA:156,0
DA:158,0
DA:163,0
DA:164,0
DA:167,0
DA:177,0
DA:179,0
DA:180,0
DA:181,0
DA:182,0
DA:183,0
DA:185,0
DA:188,0
DA:197,0
DA:198,0
DA:199,0
DA:203,0
DA:204,0
DA:205,0
DA:209,0
DA:210,0
DA:211,0
DA:212,0
DA:213,0
DA:217,0
DA:224,0
DA:225,0
DA:232,0
DA:233,0
DA:240,0
DA:241,0
DA:242,0
DA:244,0
DA:252,0
DA:253,0
DA:255,0
DA:256,0
DA:257,0
DA:258,0
DA:261,0
DA:262,0
DA:263,0
DA:264,0
DA:265,0
DA:267,0
DA:268,0
DA:269,0
DA:270,0
DA:278,0
DA:279,0
DA:280,0
DA:281,0
DA:283,0
DA:284,0
DA:291,0
DA:294,0
DA:295,0
DA:296,0
DA:300,0
DA:301,0
DA:302,0
DA:303,0
DA:305,0
DA:313,0
DA:314,0
DA:315,0
DA:316,0
DA:318,0
DA:319,0
DA:326,0
DA:327,0
DA:330,0
DA:331,0
DA:332,0
DA:333,0
DA:334,0
DA:339,0
DA:346,0
DA:347,0
DA:348,0
DA:349,0
DA:354,0
DA:355,0
DA:356,0
DA:357,0
DA:358,0
DA:363,0
DA:364,0
DA:365,0
DA:369,0
DA:370,0
DA:374,0
DA:375,0
DA:383,0
DA:384,0
DA:386,0
DA:409,0
DA:430,0
DA:431,0
DA:433,0
DA:434,0
DA:435,0
DA:436,0
DA:439,0
DA:441,0
DA:448,0
DA:449,0
DA:451,0
DA:459,0
DA:463,0
DA:467,0
DA:468,0
DA:470,0
DA:471,0
DA:472,0
DA:475,0
DA:476,0
DA:481,0
DA:482,0
DA:483,0
DA:488,0
DA:489,0
DA:490,0
DA:491,0
DA:495,0
DA:500,0
DA:501,0
LF:192
LH:0
BRDA:22,0,0,0
BRDA:22,0,1,0
BRDA:34,1,0,0
BRDA:34,1,1,0
BRDA:42,2,0,0
BRDA:42,2,1,0
BRDA:52,3,0,0
BRDA:52,3,1,0
BRDA:93,4,0,0
BRDA:93,4,1,0
BRDA:103,5,0,0
BRDA:103,5,1,0
BRDA:106,6,0,0
BRDA:106,6,1,0
BRDA:128,7,0,0
BRDA:128,7,1,0
BRDA:155,8,0,0
BRDA:155,8,1,0
BRDA:155,9,0,0
BRDA:155,9,1,0
BRDA:163,10,0,0
BRDA:163,10,1,0
BRDA:179,11,0,0
BRDA:179,11,1,0
BRDA:197,12,0,0
BRDA:197,12,1,0
BRDA:197,13,0,0
BRDA:197,13,1,0
BRDA:203,14,0,0
BRDA:203,14,1,0
BRDA:203,15,0,0
BRDA:203,15,1,0
BRDA:211,16,0,0
BRDA:211,16,1,0
BRDA:211,17,0,0
BRDA:211,17,1,0
BRDA:253,18,0,0
BRDA:253,18,1,0
BRDA:255,19,0,0
BRDA:255,19,1,0
BRDA:261,20,0,0
BRDA:261,20,1,0
BRDA:294,21,0,0
BRDA:294,21,1,0
BRDA:300,22,0,0
BRDA:300,22,1,0
BRDA:301,23,0,0
BRDA:301,23,1,0
BRDA:327,24,0,0
BRDA:327,24,1,0
BRDA:333,25,0,0
BRDA:333,25,1,0
BRDA:333,26,0,0
BRDA:333,26,1,0
BRDA:348,27,0,0
BRDA:348,27,1,0
BRDA:348,28,0,0
BRDA:348,28,1,0
BRDA:357,29,0,0
BRDA:357,29,1,0
BRDA:358,30,0,0
BRDA:358,30,1,0
BRDA:369,31,0,0
BRDA:369,31,1,0
BRDA:374,32,0,0
BRDA:374,32,1,0
BRDA:384,33,0,0
BRDA:384,33,1,0
BRDA:388,34,0,0
BRDA:388,34,1,0
BRDA:389,35,0,0
BRDA:389,35,1,0
BRDA:390,36,0,0
BRDA:390,36,1,0
BRDA:391,37,0,0
BRDA:391,37,1,0
BRDA:393,38,0,0
BRDA:393,38,1,0
BRDA:399,39,0,0
BRDA:399,39,1,0
BRDA:405,40,0,0
BRDA:405,40,1,0
BRDA:405,41,0,0
BRDA:405,41,1,0
BRDA:415,42,0,0
BRDA:415,42,1,0
BRDA:431,43,0,0
BRDA:431,43,1,0
BRDA:436,44,0,0
BRDA:436,44,1,0
BRDA:448,45,0,0
BRDA:448,45,1,0
BRDA:468,46,0,0
BRDA:468,46,1,0
BRDA:482,47,0,0
BRDA:482,47,1,0
BRDA:483,48,0,0
BRDA:483,48,1,0
BRDA:488,49,0,0
BRDA:488,49,1,0
BRDA:495,50,0,0
BRDA:495,50,1,0
BRF:102
BRH:0
end_of_record
TN:
SF:static/js/project-manager.js
FN:8,(anonymous_0)
FN:20,(anonymous_1)
FN:24,(anonymous_2)
FN:33,(anonymous_3)
FN:41,(anonymous_4)
FN:55,(anonymous_5)
FN:64,(anonymous_6)
FN:99,(anonymous_7)
FN:163,(anonymous_8)
FN:190,(anonymous_9)
FN:220,(anonymous_10)
FN:221,(anonymous_11)
FN:230,(anonymous_12)
FN:241,(anonymous_13)
FN:258,(anonymous_14)
FN:271,(anonymous_15)
FN:320,(anonymous_16)
FN:341,(anonymous_17)
FN:360,(anonymous_18)
FN:389,(anonymous_19)
FN:390,(anonymous_20)
FN:396,(anonymous_21)
FN:407,(anonymous_22)
FN:438,(anonymous_23)
FN:461,(anonymous_24)
FN:489,(anonymous_25)
FN:513,(anonymous_26)
FN:522,(anonymous_27)
FN:523,(anonymous_28)
FN:526,(anonymous_29)
FN:536,(anonymous_30)
FN:540,(anonymous_31)
FN:544,(anonymous_32)
FN:553,(anonymous_33)
FN:558,(anonymous_34)
FN:565,(anonymous_35)
FN:572,(anonymous_36)
FN:578,(anonymous_37)
FN:584,(anonymous_38)
FNF:39
FNH:0
FNDA:0,(anonymous_0)
FNDA:0,(anonymous_1)
FNDA:0,(anonymous_2)
FNDA:0,(anonymous_3)
FNDA:0,(anonymous_4)
FNDA:0,(anonymous_5)
FNDA:0,(anonymous_6)
FNDA:0,(anonymous_7)
FNDA:0,(anonymous_8)
FNDA:0,(anonymous_9)
FNDA:0,(anonymous_10)
FNDA:0,(anonymous_11)
FNDA:0,(anonymous_12)
FNDA:0,(anonymous_13)
FNDA:0,(anonymous_14)
FNDA:0,(anonymous_15)
FNDA:0,(anonymous_16)
FNDA:0,(anonymous_17)
FNDA:0,(anonymous_18)
FNDA:0,(anonymous_19)
FNDA:0,(anonymous_20)
FNDA:0,(anonymous_21)
FNDA:0,(anonymous_22)
FNDA:0,(anonymous_23)
FNDA:0,(anonymous_24)
FNDA:0,(anonymous_25)
FNDA:0,(anonymous_26)
FNDA:0,(anonymous_27)
FNDA:0,(anonymous_28)
FNDA:0,(anonymous_29)
FNDA:0,(anonymous_30)
FNDA:0,(anonymous_31)
FNDA:0,(anonymous_32)
FNDA:0,(anonymous_33)
FNDA:0,(anonymous_34)
FNDA:0,(anonymous_35)
FNDA:0,(anonymous_36)
FNDA:0,(anonymous_37)
FNDA:0,(anonymous_38)
DA:9,0
DA:10,0
DA:11,0
DA:13,0
DA:14,0
DA:22,0
DA:23,0
DA:24,0
DA:25,0
DA:26,0
DA:31,0
DA:32,0
DA:33,0
DA:34,0
DA:39,0
DA:40,0
DA:41,0
DA:42,0
DA:43,0
DA:44,0
DA:45,0
DA:46,0
DA:47,0
DA:53,0
DA:54,0
DA:55,0
DA:56,0
DA:65,0
DA:66,0
DA:68,0
DA:69,0
DA:71,0
DA:79,0
DA:81,0
DA:82,0
DA:83,0
DA:84,0
DA:85,0
DA:87,0
DA:90,0
DA:92,0
DA:100,0
DA:101,0
DA:102,0
DA:105,0
DA:106,0
DA:107,0
DA:111,0
DA:112,0
DA:113,0
DA:116,0
DA:117,0
DA:118,0
DA:122,0
DA:123,0
DA:126,0
DA:127,0
DA:130,0
DA:132,0
DA:142,0
DA:144,0
DA:145,0
DA:150,0
DA:151,0
DA:153,0
DA:156,0
DA:164,0
DA:165,0
DA:173,0
DA:175,0
DA:176,0
DA:177,0
DA:178,0
DA:180,0
DA:183,0
DA:191,0
DA:192,0
DA:195,0
DA:196,0
DA:204,0
DA:206,0
DA:207,0
DA:208,0
DA:210,0
DA:213,0
DA:221,0
DA:222,0
DA:223,0
DA:231,0
DA:232,0
DA:233,0
DA:235,0
DA:242,0
DA:244,0
DA:245,0
DA:247,0
DA:248,0
DA:249,0
DA:252,0
DA:259,0
DA:260,0
DA:262,0
DA:263,0
DA:268,0
DA:271,0
DA:321,0
DA:323,0
DA:324,0
DA:325,0
DA:326,0
DA:328,0
DA:329,0
DA:330,0
DA:331,0
DA:335,0
DA:342,0
DA:344,0
DA:345,0
DA:346,0
DA:348,0
DA:349,0
DA:350,0
DA:351,0
DA:354,0
DA:361,0
DA:362,0
DA:364,0
DA:390,0
DA:391,0
DA:392,0
DA:396,0
DA:397,0
DA:398,0
DA:399,0
DA:408,0
DA:409,0
DA:411,0
DA:412,0
DA:413,0
DA:415,0
DA:417,0
DA:418,0
DA:419,0
DA:423,0
DA:424,0
DA:425,0
DA:429,0
DA:430,0
DA:431,0
DA:439,0
DA:440,0
DA:442,0
DA:443,0
DA:446,0
DA:447,0
DA:448,0
DA:452,0
DA:453,0
DA:454,0
DA:462,0
DA:463,0
DA:464,0
DA:489,0
DA:506,0
DA:509,0
DA:510,0
DA:511,0
DA:513,0
DA:514,0
DA:523,0
DA:527,0
DA:537,0
DA:541,0
DA:545,0
DA:546,0
DA:548,0
DA:549,0
DA:550,0
DA:553,0
DA:554,0
DA:559,0
DA:560,0
DA:561,0
DA:566,0
DA:567,0
DA:568,0
DA:573,0
DA:574,0
DA:575,0
DA:579,0
DA:584,0
DA:585,0
LF:192
LH:0
BRDA:23,0,0,0
BRDA:23,0,1,0
BRDA:32,1,0,0
BRDA:32,1,1,0
BRDA:40,2,0,0
BRDA:40,2,1,0
BRDA:42,3,0,0
BRDA:42,3,1,0
BRDA:44,4,0,0
BRDA:44,4,1,0
BRDA:46,5,0,0
BRDA:46,5,1,0
BRDA:54,6,0,0
BRDA:54,6,1,0
BRDA:64,7,0,0
BRDA:69,8,0,0
BRDA:69,8,1,0
BRDA:81,9,0,0
BRDA:81,9,1,0
BRDA:111,10,0,0
BRDA:111,10,1,0
BRDA:116,11,0,0
BRDA:116,11,1,0
BRDA:122,12,0,0
BRDA:122,12,1,0
BRDA:122,13,0,0
BRDA:122,13,1,0
BRDA:127,14,0,0
BRDA:127,14,1,0
BRDA:130,15,0,0
BRDA:130,15,1,0
BRDA:144,16,0,0
BRDA:144,16,1,0
BRDA:146,17,0,0
BRDA:146,17,1,0
BRDA:175,18,0,0
BRDA:175,18,1,0
BRDA:191,19,0,0
BRDA:191,19,1,0
BRDA:206,20,0,0
BRDA:206,20,1,0
BRDA:222,21,0,0
BRDA:222,21,1,0
BRDA:232,22,0,0
BRDA:232,22,1,0
BRDA:242,23,0,0
BRDA:242,23,1,0
BRDA:247,24,0,0
BRDA:247,24,1,0
BRDA:260,25,0,0
BRDA:260,25,1,0
BRDA:262,26,0,0
BRDA:262,26,1,0
BRDA:284,27,0,0
BRDA:284,27,1,0
BRDA:286,28,0,0
BRDA:286,28,1,0
BRDA:296,29,0,0
BRDA:296,29,1,0
BRDA:296,30,0,0
BRDA:296,30,1,0
BRDA:298,31,0,0
BRDA:298,31,1,0
BRDA:323,32,0,0
BRDA:323,32,1,0
BRDA:328,33,0,0
BRDA:328,33,1,0
BRDA:330,34,0,0
BRDA:330,34,1,0
BRDA:342,35,0,0
BRDA:342,35,1,0
BRDA:348,36,0,0
BRDA:348,36,1,0
BRDA:350,37,0,0
BRDA:350,37,1,0
BRDA:362,38,0,0
BRDA:362,38,1,0
BRDA:362,39,0,0
BRDA:362,39,1,0
BRDA:366,40,0,0
BRDA:366,40,1,0
BRDA:377,41,0,0
BRDA:377,41,1,0
BRDA:391,42,0,0
BRDA:391,42,1,0
BRDA:398,43,0,0
BRDA:398,43,1,0
BRDA:409,44,0,0
BRDA:409,44,1,0
BRDA:415,45,0,0
BRDA:415,45,1,0
BRDA:415,46,0,0
BRDA:415,46,1,0
BRDA:424,47,0,0
BRDA:424,47,1,0
BRDA:430,48,0,0
BRDA:430,48,1,0
BRDA:440,49,0,0
BRDA:440,49,1,0
BRDA:447,50,0,0
BRDA:447,50,1,0
BRDA:453,51,0,0
BRDA:453,51,1,0
BRDA:477,52,0,0
BRDA:477,52,1,0
BRDA:485,53,0,0
BRDA:485,53,1,0
BRDA:485,54,0,0
BRDA:485,54,1,0
BRDA:509,55,0,0
BRDA:509,55,1,0
BRDA:546,56,0,0
BRDA:546,56,1,0
BRDA:560,57,0,0
BRDA:560,57,1,0
BRDA:561,58,0,0
BRDA:561,58,1,0
BRDA:567,59,0,0
BRDA:567,59,1,0
BRDA:579,60,0,0
BRDA:579,60,1,0
BRF:121
BRH:0
end_of_record
TN:
SF:static/js/test-dropdown.js
FN:2,(anonymous_0)
FN:6,(anonymous_1)
FN:12,(anonymous_2)
FNF:3
FNH:0
FNDA:0,(anonymous_0)
FNDA:0,(anonymous_1)
FNDA:0,(anonymous_2)
DA:2,0
DA:3,0
DA:4,0
DA:6,0
DA:7,0
DA:8,0
DA:9,0
DA:10,0
DA:11,0
DA:12,0
DA:13,0
LF:11
LH:0
BRDA:9,0,0,0
BRDA:9,0,1,0
BRDA:9,1,0,0
BRDA:9,1,1,0
BRF:4
BRH:0
end_of_record
TN:
SF:staticfiles/js/darkmode.js
FN:9,(anonymous_0)
FN:19,(anonymous_1)
FN:32,(anonymous_2)
FN:41,(anonymous_3)
FN:61,(anonymous_4)
FN:84,(anonymous_5)
FN:101,(anonymous_6)
FN:110,createDarkModeToggle
FN:118,(anonymous_8)
FNF:9
FNH:0
FNDA:0,(anonymous_0)
FNDA:0,(anonymous_1)
FNDA:0,(anonymous_2)
FNDA:0,(anonymous_3)
FNDA:0,(anonymous_4)
FNDA:0,(anonymous_5)
FNDA:0,(anonymous_6)
FNDA:0,createDarkModeToggle
FNDA:0,(anonymous_8)
DA:9,0
DA:14,0
DA:21,0
DA:22,0
DA:23,0
DA:27,0
DA:30,0
DA:31,0
DA:32,0
DA:33,0
DA:34,0
DA:42,0
DA:44,0
DA:47,0
DA:51,0
DA:54,0
DA:57,0
DA:62,0
DA:64,0
DA:67,0
DA:71,0
DA:72,0
DA:74,0
DA:78,0
DA:79,0
DA:85,0
DA:87,0
DA:88,0
DA:89,0
DA:90,0
DA:91,0
DA:93,0
DA:94,0
DA:95,0
DA:101,0
DA:103,0
DA:106,0
DA:112,0
DA:113,0
DA:114,0
DA:115,0
DA:118,0
DA:119,0
DA:123,0
DA:124,0
DA:126,0
DA:129,0
LF:47
LH:0
BRDA:22,0,0,0
BRDA:22,0,1,0
BRDA:30,1,0,0
BRDA:30,1,1,0
BRDA:33,2,0,0
BRDA:33,2,1,0
BRDA:42,3,0,0
BRDA:42,3,1,0
BRDA:44,4,0,0
BRDA:44,4,1,0
BRDA:47,5,0,0
BRDA:47,5,1,0
BRDA:62,6,0,0
BRDA:62,6,1,0
BRDA:64,7,0,0
BRDA:64,7,1,0
BRDA:71,8,0,0
BRDA:71,8,1,0
BRDA:78,9,0,0
BRDA:78,9,1,0
BRDA:85,10,0,0
BRDA:85,10,1,0
BRDA:88,11,0,0
BRDA:88,11,1,0
BRDA:124,12,0,0
BRDA:124,12,1,0
BRF:26
BRH:0
end_of_record
TN:
SF:staticfiles/js/dashboard.js
FN:5,(anonymous_0)
FN:10,(anonymous_1)
FN:15,(anonymous_2)
FN:17,(anonymous_3)
FN:34,(anonymous_4)
FN:51,(anonymous_5)
FN:58,(anonymous_6)
FN:66,(anonymous_7)
FN:100,(anonymous_8)
FN:105,(anonymous_9)
FN:114,(anonymous_10)
FN:140,(anonymous_11)
FN:150,(anonymous_12)
FN:167,(anonymous_13)
FN:177,(anonymous_14)
FN:182,(anonymous_15)
FN:204,(anonymous_16)
FN:211,(anonymous_17)
FN:216,(anonymous_18)
FN:220,(anonymous_19)
FN:249,(anonymous_20)
FN:254,(anonymous_21)
FN:267,(anonymous_22)
FN:272,createNewDocument
FN:274,(anonymous_24)
FN:278,createNewProject
FN:282,copyProject
FN:307,(anonymous_27)
FN:308,(anonymous_28)
FN:311,(anonymous_29)
FN:316,(anonymous_30)
FN:320,(anonymous_31)
FN:326,getCsrfToken
FN:337,showNotification
FN:366,(anonymous_34)
FN:371,editDocument
FN:375,shareDocument
FN:379,deleteDocument
FN:381,(anonymous_38)
FN:385,showProfile
FN:389,logout
FNF:41
FNH:0
FNDA:0,(anonymous_0)
FNDA:0,(anonymous_1)
FNDA:0,(anonymous_2)
FNDA:0,(anonymous_3)
FNDA:0,(anonymous_4)
FNDA:0,(anonymous_5)
FNDA:0,(anonymous_6)
FNDA:0,(anonymous_7)
FNDA:0,(anonymous_8)
FNDA:0,(anonymous_9)
FNDA:0,(anonymous_10)
FNDA:0,(anonymous_11)
FNDA:0,(anonymous_12)
FNDA:0,(anonymous_13)
FNDA:0,(anonymous_14)
FNDA:0,(anonymous_15)
FNDA:0,(anonymous_16)
FNDA:0,(anonymous_17)
FNDA:0,(anonymous_18)
FNDA:0,(anonymous_19)
FNDA:0,(anonymous_20)
FNDA:0,(anonymous_21)
FNDA:0,(anonymous_22)
FNDA:0,createNewDocument
FNDA:0,(anonymous_24)
FNDA:0,createNewProject
FNDA:0,copyProject
FNDA:0,(anonymous_27)
FNDA:0,(anonymous_28)
FNDA:0,(anonymous_29)
FNDA:0,(anonymous_30)
FNDA:0,(anonymous_31)
FNDA:0,getCsrfToken
FNDA:0,showNotification
FNDA:0,(anonymous_34)
FNDA:0,editDocument
FNDA:0,shareDocument
FNDA:0,deleteDocument
FNDA:0,(anonymous_38)
FNDA:0,showProfile
FNDA:0,logout
DA:6,0
DA:7,0
DA:11,0
DA:12,0
DA:17,0
DA:18,0
DA:19,0
DA:22,0
DA:23,0
DA:24,0
DA:27,0
DA:28,0
DA:29,0
DA:35,0
DA:36,0
DA:42,0
DA:43,0
DA:44,0
DA:47,0
DA:53,0
DA:58,0
DA:59,0
DA:60,0
DA:61,0
DA:68,0
DA:100,0
DA:105,0
DA:109,0
DA:110,0
DA:111,0
DA:115,0
DA:116,0
DA:118,0
DA:125,0
DA:126,0
DA:135,0
DA:137,0
DA:138,0
DA:139,0
DA:140,0
DA:142,0
DA:145,0
DA:146,0
DA:151,0
DA:152,0
DA:155,0
DA:156,0
DA:163,0
DA:165,0
DA:166,0
DA:167,0
DA:169,0
DA:172,0
DA:173,0
DA:178,0
DA:179,0
DA:180,0
DA:182,0
DA:183,0
DA:186,0
DA:204,0
DA:205,0
DA:208,0
DA:212,0
DA:213,0
DA:214,0
DA:215,0
DA:216,0
DA:222,0
DA:223,0
DA:224,0
DA:226,0
DA:236,0
DA:237,0
DA:238,0
DA:239,0
DA:240,0
DA:243,0
DA:245,0
DA:246,0
DA:249,0
DA:250,0
DA:255,0
DA:256,0
DA:257,0
DA:258,0
DA:259,0
DA:262,0
DA:267,0
DA:268,0
DA:273,0
DA:274,0
DA:279,0
DA:283,0
DA:284,0
DA:285,0
DA:288,0
DA:289,0
DA:290,0
DA:294,0
DA:295,0
DA:296,0
DA:297,0
DA:299,0
DA:307,0
DA:309,0
DA:310,0
DA:311,0
DA:313,0
DA:317,0
DA:318,0
DA:321,0
DA:322,0
DA:327,0
DA:328,0
DA:329,0
DA:330,0
DA:331,0
DA:334,0
DA:339,0
DA:340,0
DA:341,0
DA:343,0
DA:353,0
DA:354,0
DA:355,0
DA:356,0
DA:357,0
DA:360,0
DA:362,0
DA:363,0
DA:366,0
DA:367,0
DA:372,0
DA:376,0
DA:380,0
DA:381,0
DA:386,0
DA:390,0
DA:392,0
LF:140
LH:0
BRDA:18,0,0,0
BRDA:18,0,1,0
BRDA:22,1,0,0
BRDA:22,1,1,0
BRDA:27,2,0,0
BRDA:27,2,1,0
BRDA:42,3,0,0
BRDA:42,3,1,0
BRDA:60,4,0,0
BRDA:60,4,1,0
BRDA:137,5,0,0
BRDA:137,5,1,0
BRDA:137,6,0,0
BRDA:137,6,1,0
BRDA:142,7,0,0
BRDA:142,7,1,0
BRDA:151,8,0,0
BRDA:151,8,1,0
BRDA:165,9,0,0
BRDA:165,9,1,0
BRDA:165,10,0,0
BRDA:165,10,1,0
BRDA:169,11,0,0
BRDA:169,11,1,0
BRDA:177,12,0,0
BRDA:213,13,0,0
BRDA:213,13,1,0
BRDA:220,14,0,0
BRDA:223,15,0,0
BRDA:223,15,1,0
BRDA:223,16,0,0
BRDA:223,16,1,0
BRDA:237,17,0,0
BRDA:237,17,1,0
BRDA:258,18,0,0
BRDA:258,18,1,0
BRDA:283,19,0,0
BRDA:283,19,1,0
BRDA:289,20,0,0
BRDA:289,20,1,0
BRDA:309,21,0,0
BRDA:309,21,1,0
BRDA:313,22,0,0
BRDA:313,22,1,0
BRDA:330,23,0,0
BRDA:330,23,1,0
BRDA:337,24,0,0
BRDA:340,25,0,0
BRDA:340,25,1,0
BRDA:340,26,0,0
BRDA:340,26,1,0
BRDA:354,27,0,0
BRDA:354,27,1,0
BRDA:390,28,0,0
BRDA:390,28,1,0
BRF:55
BRH:0
end_of_record
TN:
SF:staticfiles/js/document-manager.js
FN:8,(anonymous_0)
FN:20,(anonymous_1)
FN:24,(anonymous_2)
FN:33,(anonymous_3)
FN:41,(anonymous_4)
FN:49,(anonymous_5)
FN:64,(anonymous_6)
FN:98,(anonymous_7)
FN:157,(anonymous_8)
FN:184,(anonymous_9)
FN:214,(anonymous_10)
FN:215,(anonymous_11)
FN:225,(anonymous_12)
FN:227,(anonymous_13)
FN:235,(anonymous_14)
FN:246,(anonymous_15)
FN:259,(anonymous_16)
FN:273,(anonymous_17)
FN:303,(anonymous_18)
FN:332,(anonymous_19)
FN:361,(anonymous_20)
FN:384,(anonymous_21)
FN:406,(anonymous_22)
FN:429,(anonymous_23)
FN:438,(anonymous_24)
FN:442,(anonymous_25)
FN:446,(anonymous_26)
FN:455,(anonymous_27)
FN:460,(anonymous_28)
FN:467,(anonymous_29)
FN:474,(anonymous_30)
FN:480,(anonymous_31)
FN:486,(anonymous_32)
FNF:33
FNH:0
FNDA:0,(anonymous_0)
FNDA:0,(anonymous_1)
FNDA:0,(anonymous_2)
FNDA:0,(anonymous_3)
FNDA:0,(anonymous_4)
FNDA:0,(anonymous_5)
FNDA:0,(anonymous_6)
FNDA:0,(anonymous_7)
FNDA:0,(anonymous_8)
FNDA:0,(anonymous_9)
FNDA:0,(anonymous_10)
FNDA:0,(anonymous_11)
FNDA:0,(anonymous_12)
FNDA:0,(anonymous_13)
FNDA:0,(anonymous_14)
FNDA:0,(anonymous_15)
FNDA:0,(anonymous_16)
FNDA:0,(anonymous_17)
FNDA:0,(anonymous_18)
FNDA:0,(anonymous_19)
FNDA:0,(anonymous_20)
FNDA:0,(anonymous_21)
FNDA:0,(anonymous_22)
FNDA:0,(anonymous_23)
FNDA:0,(anonymous_24)
FNDA:0,(anonymous_25)
FNDA:0,(anonymous_26)
FNDA:0,(anonymous_27)
FNDA:0,(anonymous_28)
FNDA:0,(anonymous_29)
FNDA:0,(anonymous_30)
FNDA:0,(anonymous_31)
FNDA:0,(anonymous_32)
DA:9,0
DA:10,0
DA:11,0
DA:13,0
DA:14,0
DA:22,0
DA:23,0
DA:24,0
DA:25,0
DA:26,0
DA:31,0
DA:32,0
DA:33,0
DA:34,0
DA:39,0
DA:40,0
DA:41,0
DA:42,0
DA:47,0
DA:48,0
DA:49,0
DA:50,0
DA:51,0
DA:52,0
DA:53,0
DA:54,0
DA:55,0
DA:65,0
DA:66,0
DA:68,0
DA:69,0
DA:71,0
DA:79,0
DA:81,0
DA:82,0
DA:83,0
DA:84,0
DA:86,0
DA:89,0
DA:91,0
DA:99,0
DA:100,0
DA:101,0
DA:104,0
DA:105,0
DA:106,0
DA:110,0
DA:111,0
DA:112,0
DA:115,0
DA:116,0
DA:117,0
DA:120,0
DA:121,0
DA:124,0
DA:126,0
DA:136,0
DA:138,0
DA:139,0
DA:144,0
DA:145,0
DA:147,0
DA:150,0
DA:158,0
DA:159,0
DA:167,0
DA:169,0
DA:170,0
DA:171,0
DA:172,0
DA:174,0
DA:177,0
DA:185,0
DA:186,0
DA:189,0
DA:190,0
DA:198,0
DA:200,0
DA:201,0
DA:202,0
DA:204,0
DA:207,0
DA:215,0
DA:216,0
DA:218,0
DA:226,0
DA:227,0
DA:228,0
DA:236,0
DA:237,0
DA:238,0
DA:240,0
DA:247,0
DA:248,0
DA:250,0
DA:251,0
DA:256,0
DA:259,0
DA:273,0
DA:304,0
DA:305,0
DA:307,0
DA:333,0
DA:334,0
DA:336,0
DA:337,0
DA:338,0
DA:339,0
DA:341,0
DA:342,0
DA:346,0
DA:347,0
DA:348,0
DA:352,0
DA:353,0
DA:354,0
DA:362,0
DA:363,0
DA:365,0
DA:366,0
DA:369,0
DA:370,0
DA:371,0
DA:375,0
DA:376,0
DA:377,0
DA:386,0
DA:387,0
DA:388,0
DA:406,0
DA:422,0
DA:425,0
DA:426,0
DA:427,0
DA:429,0
DA:430,0
DA:439,0
DA:443,0
DA:447,0
DA:448,0
DA:450,0
DA:451,0
DA:452,0
DA:455,0
DA:456,0
DA:461,0
DA:462,0
DA:463,0
DA:468,0
DA:469,0
DA:470,0
DA:475,0
DA:476,0
DA:477,0
DA:481,0
DA:486,0
DA:487,0
LF:157
LH:0
BRDA:23,0,0,0
BRDA:23,0,1,0
BRDA:32,1,0,0
BRDA:32,1,1,0
BRDA:40,2,0,0
BRDA:40,2,1,0
BRDA:48,3,0,0
BRDA:48,3,1,0
BRDA:50,4,0,0
BRDA:50,4,1,0
BRDA:52,5,0,0
BRDA:52,5,1,0
BRDA:54,6,0,0
BRDA:54,6,1,0
BRDA:64,7,0,0
BRDA:69,8,0,0
BRDA:69,8,1,0
BRDA:81,9,0,0
BRDA:81,9,1,0
BRDA:110,10,0,0
BRDA:110,10,1,0
BRDA:115,11,0,0
BRDA:115,11,1,0
BRDA:121,12,0,0
BRDA:121,12,1,0
BRDA:124,13,0,0
BRDA:124,13,1,0
BRDA:138,14,0,0
BRDA:138,14,1,0
BRDA:140,15,0,0
BRDA:140,15,1,0
BRDA:169,16,0,0
BRDA:169,16,1,0
BRDA:185,17,0,0
BRDA:185,17,1,0
BRDA:200,18,0,0
BRDA:200,18,1,0
BRDA:216,19,0,0
BRDA:216,19,1,0
BRDA:237,20,0,0
BRDA:237,20,1,0
BRDA:248,21,0,0
BRDA:248,21,1,0
BRDA:250,22,0,0
BRDA:250,22,1,0
BRDA:269,23,0,0
BRDA:269,23,1,0
BRDA:271,24,0,0
BRDA:271,24,1,0
BRDA:283,25,0,0
BRDA:283,25,1,0
BRDA:305,26,0,0
BRDA:305,26,1,0
BRDA:305,27,0,0
BRDA:305,27,1,0
BRDA:309,28,0,0
BRDA:309,28,1,0
BRDA:320,29,0,0
BRDA:320,29,1,0
BRDA:334,30,0,0
BRDA:334,30,1,0
BRDA:341,31,0,0
BRDA:341,31,1,0
BRDA:347,32,0,0
BRDA:347,32,1,0
BRDA:353,33,0,0
BRDA:353,33,1,0
BRDA:363,34,0,0
BRDA:363,34,1,0
BRDA:370,35,0,0
BRDA:370,35,1,0
BRDA:376,36,0,0
BRDA:376,36,1,0
BRDA:403,37,0,0
BRDA:403,37,1,0
BRDA:425,38,0,0
BRDA:425,38,1,0
BRDA:448,39,0,0
BRDA:448,39,1,0
BRDA:462,40,0,0
BRDA:462,40,1,0
BRDA:463,41,0,0
BRDA:463,41,1,0
BRDA:469,42,0,0
BRDA:469,42,1,0
BRDA:481,43,0,0
BRDA:481,43,1,0
BRF:87
BRH:0
end_of_record
TN:
SF:staticfiles/js/dropdown.js
FN:3,(anonymous_0)
FN:8,(anonymous_1)
FN:9,(anonymous_2)
FN:15,(anonymous_3)
FN:27,(anonymous_4)
FN:29,(anonymous_5)
FNF:6
FNH:0
FNDA:0,(anonymous_0)
FNDA:0,(anonymous_1)
FNDA:0,(anonymous_2)
FNDA:0,(anonymous_3)
FNDA:0,(anonymous_4)
FNDA:0,(anonymous_5)
DA:3,0
DA:5,0
DA:8,0
DA:9,0
DA:10,0
DA:11,0
DA:12,0
DA:15,0
DA:16,0
DA:17,0
DA:22,0
DA:27,0
DA:28,0
DA:29,0
DA:30,0
LF:15
LH:0
BRDA:16,0,0,0
BRDA:16,0,1,0
BRDA:28,1,0,0
BRDA:28,1,1,0
BRF:4
BRH:0
end_of_record
TN:
SF:staticfiles/js/landing.js
FN:5,(anonymous_0)
FN:10,initLandingPage
FN:16,(anonymous_2)
FN:25,(anonymous_3)
FN:26,(anonymous_4)
FN:36,(anonymous_5)
FN:65,(anonymous_6)
FN:68,(anonymous_7)
FN:72,(anonymous_8)
FN:77,(anonymous_9)
FN:98,(anonymous_10)
FN:99,(anonymous_11)
FN:104,(anonymous_12)
FN:127,(anonymous_13)
FN:128,(anonymous_14)
FN:136,(anonymous_15)
FNF:16
FNH:0
FNDA:0,(anonymous_0)
FNDA:0,initLandingPage
FNDA:0,(anonymous_2)
FNDA:0,(anonymous_3)
FNDA:0,(anonymous_4)
FNDA:0,(anonymous_5)
FNDA:0,(anonymous_6)
FNDA:0,(anonymous_7)
FNDA:0,(anonymous_8)
FNDA:0,(anonymous_9)
FNDA:0,(anonymous_10)
FNDA:0,(anonymous_11)
FNDA:0,(anonymous_12)
FNDA:0,(anonymous_13)
FNDA:0,(anonymous_14)
FNDA:0,(anonymous_15)
DA:5,0
DA:7,0
DA:12,0
DA:13,0
DA:15,0
DA:16,0
DA:17,0
DA:22,0
DA:24,0
DA:25,0
DA:26,0
DA:27,0
DA:30,0
DA:31,0
DA:32,0
DA:34,0
DA:36,0
DA:37,0
DA:41,0
DA:44,0
DA:50,0
DA:51,0
DA:60,0
DA:61,0
DA:62,0
DA:65,0
DA:67,0
DA:68,0
DA:69,0
DA:72,0
DA:73,0
DA:77,0
DA:78,0
DA:79,0
DA:80,0
DA:81,0
DA:83,0
DA:84,0
DA:87,0
DA:96,0
DA:98,0
DA:99,0
DA:100,0
DA:101,0
DA:104,0
DA:105,0
DA:109,0
DA:110,0
DA:111,0
DA:113,0
DA:119,0
DA:121,0
DA:122,0
DA:127,0
DA:128,0
DA:129,0
DA:131,0
DA:132,0
DA:136,0
DA:137,0
DA:138,0
LF:61
LH:0
BRDA:15,0,0,0
BRDA:15,0,1,0
BRDA:15,1,0,0
BRDA:15,1,1,0
BRDA:24,2,0,0
BRDA:24,2,1,0
BRDA:30,3,0,0
BRDA:30,3,1,0
BRDA:30,4,0,0
BRDA:30,4,1,0
BRDA:34,5,0,0
BRDA:34,5,1,0
BRDA:50,6,0,0
BRDA:50,6,1,0
BRDA:50,7,0,0
BRDA:50,7,1,0
BRDA:67,8,0,0
BRDA:67,8,1,0
BRDA:73,9,0,0
BRDA:73,9,1,0
BRDA:78,10,0,0
BRDA:78,10,1,0
BRDA:80,11,0,0
BRDA:80,11,1,0
BRDA:81,12,0,0
BRDA:81,12,1,0
BRDA:109,13,0,0
BRDA:109,13,1,0
BRDA:121,14,0,0
BRDA:121,14,1,0
BRDA:129,15,0,0
BRDA:129,15,1,0
BRF:32
BRH:0
end_of_record
TN:
SF:staticfiles/js/main.js
FN:5,(anonymous_0)
FN:10,initApp
FN:16,(anonymous_2)
FNF:3
FNH:0
FNDA:0,(anonymous_0)
FNDA:0,initApp
FNDA:0,(anonymous_2)
DA:5,0
DA:7,0
DA:14,0
DA:15,0
DA:16,0
LF:5
LH:0
BRDA:15,0,0,0
BRDA:15,0,1,0
BRF:2
BRH:0
end_of_record
TN:
SF:staticfiles/js/module-cards.js
FNF:0
FNH:0
LF:0
LH:0
BRF:0
BRH:0
end_of_record
TN:
SF:staticfiles/js/onboarding.js
FN:8,(anonymous_0)
FN:23,(anonymous_1)
FN:36,(anonymous_2)
FN:51,(anonymous_3)
FN:56,(anonymous_4)
FN:61,(anonymous_5)
FN:106,(anonymous_6)
FN:117,(anonymous_7)
FN:134,(anonymous_8)
FN:145,(anonymous_9)
FN:167,(anonymous_10)
FN:191,(anonymous_11)
FN:202,(anonymous_12)
FN:224,(anonymous_13)
FN:233,(anonymous_14)
FN:258,(anonymous_15)
FN:283,(anonymous_16)
FN:308,(anonymous_17)
FN:323,(anonymous_18)
FN:338,(anonymous_19)
FN:347,(anonymous_20)
FN:373,(anonymous_21)
FN:394,(anonymous_22)
FN:420,(anonymous_23)
FN:449,(anonymous_24)
FN:454,(anonymous_25)
FN:458,(anonymous_26)
FN:485,(anonymous_27)
FN:492,(anonymous_28)
FN:498,(anonymous_29)
FN:505,(anonymous_30)
FN:529,(anonymous_31)
FN:539,(anonymous_32)
FN:544,(anonymous_33)
FN:546,(anonymous_34)
FN:553,(anonymous_35)
FN:559,(anonymous_36)
FN:564,(anonymous_37)
FN:576,(anonymous_38)
FNF:39
FNH:0
FNDA:0,(anonymous_0)
FNDA:0,(anonymous_1)
FNDA:0,(anonymous_2)
FNDA:0,(anonymous_3)
FNDA:0,(anonymous_4)
FNDA:0,(anonymous_5)
FNDA:0,(anonymous_6)
FNDA:0,(anonymous_7)
FNDA:0,(anonymous_8)
FNDA:0,(anonymous_9)
FNDA:0,(anonymous_10)
FNDA:0,(anonymous_11)
FNDA:0,(anonymous_12)
FNDA:0,(anonymous_13)
FNDA:0,(anonymous_14)
FNDA:0,(anonymous_15)
FNDA:0,(anonymous_16)
FNDA:0,(anonymous_17)
FNDA:0,(anonymous_18)
FNDA:0,(anonymous_19)
FNDA:0,(anonymous_20)
FNDA:0,(anonymous_21)
FNDA:0,(anonymous_22)
FNDA:0,(anonymous_23)
FNDA:0,(anonymous_24)
FNDA:0,(anonymous_25)
FNDA:0,(anonymous_26)
FNDA:0,(anonymous_27)
FNDA:0,(anonymous_28)
FNDA:0,(anonymous_29)
FNDA:0,(anonymous_30)
FNDA:0,(anonymous_31)
FNDA:0,(anonymous_32)
FNDA:0,(anonymous_33)
FNDA:0,(anonymous_34)
FNDA:0,(anonymous_35)
FNDA:0,(anonymous_36)
FNDA:0,(anonymous_37)
FNDA:0,(anonymous_38)
DA:9,0
DA:10,0
DA:11,0
DA:12,0
DA:20,0
DA:25,0
DA:26,0
DA:30,0
DA:33,0
DA:38,0
DA:39,0
DA:42,0
DA:43,0
DA:44,0
DA:45,0
DA:48,0
DA:52,0
DA:53,0
DA:56,0
DA:57,0
DA:62,0
DA:63,0
DA:64,0
DA:106,0
DA:107,0
DA:108,0
DA:109,0
DA:110,0
DA:114,0
DA:118,0
DA:120,0
DA:121,0
DA:123,0
DA:124,0
DA:126,0
DA:127,0
DA:129,0
DA:130,0
DA:135,0
DA:136,0
DA:138,0
DA:139,0
DA:140,0
DA:142,0
DA:147,0
DA:150,0
DA:151,0
DA:152,0
DA:155,0
DA:156,0
DA:159,0
DA:160,0
DA:164,0
DA:168,0
DA:169,0
DA:170,0
DA:191,0
DA:192,0
DA:193,0
DA:194,0
DA:195,0
DA:199,0
DA:203,0
DA:205,0
DA:206,0
DA:207,0
DA:209,0
DA:211,0
DA:213,0
DA:214,0
DA:215,0
DA:217,0
DA:219,0
DA:220,0
DA:225,0
DA:226,0
DA:227,0
DA:230,0
DA:234,0
DA:259,0
DA:284,0
DA:309,0
DA:324,0
DA:340,0
DA:342,0
DA:343,0
DA:344,0
DA:345,0
DA:347,0
DA:348,0
DA:352,0
DA:370,0
DA:374,0
DA:375,0
DA:376,0
DA:394,0
DA:395,0
DA:396,0
DA:397,0
DA:398,0
DA:402,0
DA:405,0
DA:406,0
DA:407,0
DA:421,0
DA:423,0
DA:424,0
DA:426,0
DA:427,0
DA:429,0
DA:430,0
DA:432,0
DA:433,0
DA:435,0
DA:436,0
DA:438,0
DA:439,0
DA:441,0
DA:442,0
DA:444,0
DA:445,0
DA:451,0
DA:455,0
DA:459,0
DA:460,0
DA:461,0
DA:468,0
DA:482,0
DA:485,0
DA:486,0
DA:487,0
DA:493,0
DA:494,0
DA:499,0
DA:500,0
DA:501,0
DA:506,0
DA:508,0
DA:514,0
DA:517,0
DA:518,0
DA:519,0
DA:520,0
DA:531,0
DA:532,0
DA:535,0
DA:536,0
DA:539,0
DA:540,0
DA:545,0
DA:546,0
DA:547,0
DA:548,0
DA:555,0
DA:556,0
DA:557,0
DA:558,0
DA:559,0
DA:565,0
DA:566,0
DA:567,0
DA:568,0
DA:569,0
DA:570,0
DA:571,0
DA:576,0
DA:577,0
DA:581,0
DA:837,0
LF:169
LH:0
BRDA:25,0,0,0
BRDA:25,0,1,0
BRDA:42,1,0,0
BRDA:42,1,1,0
BRDA:42,2,0,0
BRDA:42,2,1,0
BRDA:108,3,0,0
BRDA:108,3,1,0
BRDA:118,4,0,0
BRDA:118,4,1,0
BRDA:118,4,2,0
BRDA:118,4,3,0
BRDA:136,5,0,0
BRDA:136,5,1,0
BRDA:159,6,0,0
BRDA:159,6,1,0
BRDA:174,7,0,0
BRDA:174,7,1,0
BRDA:182,8,0,0
BRDA:182,8,1,0
BRDA:184,9,0,0
BRDA:184,9,1,0
BRDA:193,10,0,0
BRDA:193,10,1,0
BRDA:203,11,0,0
BRDA:203,11,1,0
BRDA:203,11,2,0
BRDA:205,12,0,0
BRDA:205,12,1,0
BRDA:213,13,0,0
BRDA:213,13,1,0
BRDA:340,14,0,0
BRDA:340,14,1,0
BRDA:396,15,0,0
BRDA:396,15,1,0
BRDA:421,16,0,0
BRDA:421,16,1,0
BRDA:421,16,2,0
BRDA:421,16,3,0
BRDA:421,16,4,0
BRDA:421,16,5,0
BRDA:421,16,6,0
BRDA:421,16,7,0
BRDA:458,17,0,0
BRDA:473,18,0,0
BRDA:473,18,1,0
BRDA:473,19,0,0
BRDA:473,19,1,0
BRDA:474,20,0,0
BRDA:474,20,1,0
BRDA:474,21,0,0
BRDA:474,21,1,0
BRDA:477,22,0,0
BRDA:477,22,1,0
BRDA:477,23,0,0
BRDA:477,23,1,0
BRDA:486,24,0,0
BRDA:486,24,1,0
BRDA:500,25,0,0
BRDA:500,25,1,0
BRDA:506,26,0,0
BRDA:506,26,1,0
BRDA:518,27,0,0
BRDA:518,27,1,0
BRDA:532,28,0,0
BRDA:532,28,1,0
BRDA:536,29,0,0
BRDA:536,29,1,0
BRDA:547,30,0,0
BRDA:547,30,1,0
BRDA:556,31,0,0
BRDA:556,31,1,0
BRDA:558,32,0,0
BRDA:558,32,1,0
BRDA:566,33,0,0
BRDA:566,33,1,0
BRDA:567,34,0,0
BRDA:567,34,1,0
BRDA:568,35,0,0
BRDA:568,35,1,0
BRDA:569,36,0,0
BRDA:569,36,1,0
BRDA:570,37,0,0
BRDA:570,37,1,0
BRF:84
BRH:0
end_of_record
TN:
SF:staticfiles/js/profile-manager.js
FN:8,(anonymous_0)
FN:19,(anonymous_1)
FN:23,(anonymous_2)
FN:35,(anonymous_3)
FN:43,(anonymous_4)
FN:50,(anonymous_5)
FN:53,(anonymous_6)
FN:63,(anonymous_7)
FN:65,(anonymous_8)
FN:67,(anonymous_9)
FN:76,(anonymous_10)
FN:91,(anonymous_11)
FN:114,(anonymous_12)
FN:146,(anonymous_13)
FN:195,(anonymous_14)
FN:223,(anonymous_15)
FN:231,(anonymous_16)
FN:239,(anonymous_17)
FN:251,(anonymous_18)
FN:277,(anonymous_19)
FN:290,(anonymous_20)
FN:312,(anonymous_21)
FN:325,(anonymous_22)
FN:331,(anonymous_23)
FN:346,(anonymous_24)
FN:355,(anonymous_25)
FN:364,(anonymous_26)
FN:382,(anonymous_27)
FN:409,(anonymous_28)
FN:429,(anonymous_29)
FN:434,(anonymous_30)
FN:458,(anonymous_31)
FN:462,(anonymous_32)
FN:466,(anonymous_33)
FN:475,(anonymous_34)
FN:480,(anonymous_35)
FN:487,(anonymous_36)
FN:494,(anonymous_37)
FN:500,(anonymous_38)
FNF:39
FNH:0
FNDA:0,(anonymous_0)
FNDA:0,(anonymous_1)
FNDA:0,(anonymous_2)
FNDA:0,(anonymous_3)
FNDA:0,(anonymous_4)
FNDA:0,(anonymous_5)
FNDA:0,(anonymous_6)
FNDA:0,(anonymous_7)
FNDA:0,(anonymous_8)
FNDA:0,(anonymous_9)
FNDA:0,(anonymous_10)
FNDA:0,(anonymous_11)
FNDA:0,(anonymous_12)
FNDA:0,(anonymous_13)
FNDA:0,(anonymous_14)
FNDA:0,(anonymous_15)
FNDA:0,(anonymous_16)
FNDA:0,(anonymous_17)
FNDA:0,(anonymous_18)
FNDA:0,(anonymous_19)
FNDA:0,(anonymous_20)
FNDA:0,(anonymous_21)
FNDA:0,(anonymous_22)
FNDA:0,(anonymous_23)
FNDA:0,(anonymous_24)
FNDA:0,(anonymous_25)
FNDA:0,(anonymous_26)
FNDA:0,(anonymous_27)
FNDA:0,(anonymous_28)
FNDA:0,(anonymous_29)
FNDA:0,(anonymous_30)
FNDA:0,(anonymous_31)
FNDA:0,(anonymous_32)
FNDA:0,(anonymous_33)
FNDA:0,(anonymous_34)
FNDA:0,(anonymous_35)
FNDA:0,(anonymous_36)
FNDA:0,(anonymous_37)
FNDA:0,(anonymous_38)
DA:9,0
DA:10,0
DA:12,0
DA:13,0
DA:21,0
DA:22,0
DA:23,0
DA:24,0
DA:25,0
DA:30,0
DA:33,0
DA:34,0
DA:35,0
DA:36,0
DA:41,0
DA:42,0
DA:43,0
DA:44,0
DA:49,0
DA:50,0
DA:51,0
DA:52,0
DA:53,0
DA:54,0
DA:64,0
DA:65,0
DA:66,0
DA:67,0
DA:68,0
DA:77,0
DA:78,0
DA:79,0
DA:80,0
DA:82,0
DA:83,0
DA:85,0
DA:92,0
DA:93,0
DA:95,0
DA:96,0
DA:97,0
DA:99,0
DA:102,0
DA:103,0
DA:104,0
DA:106,0
DA:107,0
DA:115,0
DA:116,0
DA:118,0
DA:126,0
DA:128,0
DA:129,0
DA:130,0
DA:131,0
DA:132,0
DA:134,0
DA:137,0
DA:139,0
DA:147,0
DA:148,0
DA:149,0
DA:152,0
DA:153,0
DA:155,0
DA:156,0
DA:158,0
DA:163,0
DA:164,0
DA:167,0
DA:177,0
DA:179,0
DA:180,0
DA:181,0
DA:182,0
DA:183,0
DA:185,0
DA:188,0
DA:197,0
DA:198,0
DA:199,0
DA:203,0
DA:204,0
DA:205,0
DA:209,0
DA:210,0
DA:211,0
DA:212,0
DA:213,0
DA:217,0
DA:224,0
DA:225,0
DA:232,0
DA:233,0
DA:240,0
DA:241,0
DA:242,0
DA:244,0
DA:252,0
DA:253,0
DA:255,0
DA:256,0
DA:257,0
DA:258,0
DA:261,0
DA:262,0
DA:263,0
DA:264,0
DA:265,0
DA:267,0
DA:268,0
DA:269,0
DA:270,0
DA:278,0
DA:279,0
DA:280,0
DA:281,0
DA:283,0
DA:284,0
DA:291,0
DA:294,0
DA:295,0
DA:296,0
DA:300,0
DA:301,0
DA:302,0
DA:303,0
DA:305,0
DA:313,0
DA:314,0
DA:315,0
DA:316,0
DA:318,0
DA:319,0
DA:326,0
DA:327,0
DA:330,0
DA:331,0
DA:332,0
DA:333,0
DA:334,0
DA:339,0
DA:346,0
DA:347,0
DA:348,0
DA:349,0
DA:354,0
DA:355,0
DA:356,0
DA:357,0
DA:358,0
DA:363,0
DA:364,0
DA:365,0
DA:369,0
DA:370,0
DA:374,0
DA:375,0
DA:383,0
DA:384,0
DA:386,0
DA:409,0
DA:430,0
DA:431,0
DA:433,0
DA:434,0
DA:435,0
DA:436,0
DA:439,0
DA:441,0
DA:448,0
DA:449,0
DA:451,0
DA:459,0
DA:463,0
DA:467,0
DA:468,0
DA:470,0
DA:471,0
DA:472,0
DA:475,0
DA:476,0
DA:481,0
DA:482,0
DA:483,0
DA:488,0
DA:489,0
DA:490,0
DA:491,0
DA:495,0
DA:500,0
DA:501,0
LF:192
LH:0
BRDA:22,0,0,0
BRDA:22,0,1,0
BRDA:34,1,0,0
BRDA:34,1,1,0
BRDA:42,2,0,0
BRDA:42,2,1,0
BRDA:52,3,0,0
BRDA:52,3,1,0
BRDA:93,4,0,0
BRDA:93,4,1,0
BRDA:103,5,0,0
BRDA:103,5,1,0
BRDA:106,6,0,0
BRDA:106,6,1,0
BRDA:128,7,0,0
BRDA:128,7,1,0
BRDA:155,8,0,0
BRDA:155,8,1,0
BRDA:155,9,0,0
BRDA:155,9,1,0
BRDA:163,10,0,0
BRDA:163,10,1,0
BRDA:179,11,0,0
BRDA:179,11,1,0
BRDA:197,12,0,0
BRDA:197,12,1,0
BRDA:197,13,0,0
BRDA:197,13,1,0
BRDA:203,14,0,0
BRDA:203,14,1,0
BRDA:203,15,0,0
BRDA:203,15,1,0
BRDA:211,16,0,0
BRDA:211,16,1,0
BRDA:211,17,0,0
BRDA:211,17,1,0
BRDA:253,18,0,0
BRDA:253,18,1,0
BRDA:255,19,0,0
BRDA:255,19,1,0
BRDA:261,20,0,0
BRDA:261,20,1,0
BRDA:294,21,0,0
BRDA:294,21,1,0
BRDA:300,22,0,0
BRDA:300,22,1,0
BRDA:301,23,0,0
BRDA:301,23,1,0
BRDA:327,24,0,0
BRDA:327,24,1,0
BRDA:333,25,0,0
BRDA:333,25,1,0
BRDA:333,26,0,0
BRDA:333,26,1,0
BRDA:348,27,0,0
BRDA:348,27,1,0
BRDA:348,28,0,0
BRDA:348,28,1,0
BRDA:357,29,0,0
BRDA:357,29,1,0
BRDA:358,30,0,0
BRDA:358,30,1,0
BRDA:369,31,0,0
BRDA:369,31,1,0
BRDA:374,32,0,0
BRDA:374,32,1,0
BRDA:384,33,0,0
BRDA:384,33,1,0
BRDA:388,34,0,0
BRDA:388,34,1,0
BRDA:389,35,0,0
BRDA:389,35,1,0
BRDA:390,36,0,0
BRDA:390,36,1,0
BRDA:391,37,0,0
BRDA:391,37,1,0
BRDA:393,38,0,0
BRDA:393,38,1,0
BRDA:399,39,0,0
BRDA:399,39,1,0
BRDA:405,40,0,0
BRDA:405,40,1,0
BRDA:405,41,0,0
BRDA:405,41,1,0
BRDA:415,42,0,0
BRDA:415,42,1,0
BRDA:431,43,0,0
BRDA:431,43,1,0
BRDA:436,44,0,0
BRDA:436,44,1,0
BRDA:448,45,0,0
BRDA:448,45,1,0
BRDA:468,46,0,0
BRDA:468,46,1,0
BRDA:482,47,0,0
BRDA:482,47,1,0
BRDA:483,48,0,0
BRDA:483,48,1,0
BRDA:488,49,0,0
BRDA:488,49,1,0
BRDA:495,50,0,0
BRDA:495,50,1,0
BRF:102
BRH:0
end_of_record
TN:
SF:staticfiles/js/project-manager.js
FN:8,(anonymous_0)
FN:20,(anonymous_1)
FN:24,(anonymous_2)
FN:33,(anonymous_3)
FN:41,(anonymous_4)
FN:55,(anonymous_5)
FN:64,(anonymous_6)
FN:99,(anonymous_7)
FN:163,(anonymous_8)
FN:190,(anonymous_9)
FN:220,(anonymous_10)
FN:221,(anonymous_11)
FN:230,(anonymous_12)
FN:241,(anonymous_13)
FN:258,(anonymous_14)
FN:271,(anonymous_15)
FN:320,(anonymous_16)
FN:341,(anonymous_17)
FN:360,(anonymous_18)
FN:389,(anonymous_19)
FN:390,(anonymous_20)
FN:396,(anonymous_21)
FN:407,(anonymous_22)
FN:438,(anonymous_23)
FN:461,(anonymous_24)
FN:489,(anonymous_25)
FN:513,(anonymous_26)
FN:522,(anonymous_27)
FN:523,(anonymous_28)
FN:526,(anonymous_29)
FN:536,(anonymous_30)
FN:540,(anonymous_31)
FN:544,(anonymous_32)
FN:553,(anonymous_33)
FN:558,(anonymous_34)
FN:565,(anonymous_35)
FN:572,(anonymous_36)
FN:578,(anonymous_37)
FN:584,(anonymous_38)
FNF:39
FNH:0
FNDA:0,(anonymous_0)
FNDA:0,(anonymous_1)
FNDA:0,(anonymous_2)
FNDA:0,(anonymous_3)
FNDA:0,(anonymous_4)
FNDA:0,(anonymous_5)
FNDA:0,(anonymous_6)
FNDA:0,(anonymous_7)
FNDA:0,(anonymous_8)
FNDA:0,(anonymous_9)
FNDA:0,(anonymous_10)
FNDA:0,(anonymous_11)
FNDA:0,(anonymous_12)
FNDA:0,(anonymous_13)
FNDA:0,(anonymous_14)
FNDA:0,(anonymous_15)
FNDA:0,(anonymous_16)
FNDA:0,(anonymous_17)
FNDA:0,(anonymous_18)
FNDA:0,(anonymous_19)
FNDA:0,(anonymous_20)
FNDA:0,(anonymous_21)
FNDA:0,(anonymous_22)
FNDA:0,(anonymous_23)
FNDA:0,(anonymous_24)
FNDA:0,(anonymous_25)
FNDA:0,(anonymous_26)
FNDA:0,(anonymous_27)
FNDA:0,(anonymous_28)
FNDA:0,(anonymous_29)
FNDA:0,(anonymous_30)
FNDA:0,(anonymous_31)
FNDA:0,(anonymous_32)
FNDA:0,(anonymous_33)
FNDA:0,(anonymous_34)
FNDA:0,(anonymous_35)
FNDA:0,(anonymous_36)
FNDA:0,(anonymous_37)
FNDA:0,(anonymous_38)
DA:9,0
DA:10,0
DA:11,0
DA:13,0
DA:14,0
DA:22,0
DA:23,0
DA:24,0
DA:25,0
DA:26,0
DA:31,0
DA:32,0
DA:33,0
DA:34,0
DA:39,0
DA:40,0
DA:41,0
DA:42,0
DA:43,0
DA:44,0
DA:45,0
DA:46,0
DA:47,0
DA:53,0
DA:54,0
DA:55,0
DA:56,0
DA:65,0
DA:66,0
DA:68,0
DA:69,0
DA:71,0
DA:79,0
DA:81,0
DA:82,0
DA:83,0
DA:84,0
DA:85,0
DA:87,0
DA:90,0
DA:92,0
DA:100,0
DA:101,0
DA:102,0
DA:105,0
DA:106,0
DA:107,0
DA:111,0
DA:112,0
DA:113,0
DA:116,0
DA:117,0
DA:118,0
DA:122,0
DA:123,0
DA:126,0
DA:127,0
DA:130,0
DA:132,0
DA:142,0
DA:144,0
DA:145,0
DA:150,0
DA:151,0
DA:153,0
DA:156,0
DA:164,0
DA:165,0
DA:173,0
DA:175,0
DA:176,0
DA:177,0
DA:178,0
DA:180,0
DA:183,0
DA:191,0
DA:192,0
DA:195,0
DA:196,0
DA:204,0
DA:206,0
DA:207,0
DA:208,0
DA:210,0
DA:213,0
DA:221,0
DA:222,0
DA:223,0
DA:231,0
DA:232,0
DA:233,0
DA:235,0
DA:242,0
DA:244,0
DA:245,0
DA:247,0
DA:248,0
DA:249,0
DA:252,0
DA:259,0
DA:260,0
DA:262,0
DA:263,0
DA:268,0
DA:271,0
DA:321,0
DA:323,0
DA:324,0
DA:325,0
DA:326,0
DA:328,0
DA:329,0
DA:330,0
DA:331,0
DA:335,0
DA:342,0
DA:344,0
DA:345,0
DA:346,0
DA:348,0
DA:349,0
DA:350,0
DA:351,0
DA:354,0
DA:361,0
DA:362,0
DA:364,0
DA:390,0
DA:391,0
DA:392,0
DA:396,0
DA:397,0
DA:398,0
DA:399,0
DA:408,0
DA:409,0
DA:411,0
DA:412,0
DA:413,0
DA:415,0
DA:417,0
DA:418,0
DA:419,0
DA:423,0
DA:424,0
DA:425,0
DA:429,0
DA:430,0
DA:431,0
DA:439,0
DA:440,0
DA:442,0
DA:443,0
DA:446,0
DA:447,0
DA:448,0
DA:452,0
DA:453,0
DA:454,0
DA:462,0
DA:463,0
DA:464,0
DA:489,0
DA:506,0
DA:509,0
DA:510,0
DA:511,0
DA:513,0
DA:514,0
DA:523,0
DA:527,0
DA:537,0
DA:541,0
DA:545,0
DA:546,0
DA:548,0
DA:549,0
DA:550,0
DA:553,0
DA:554,0
DA:559,0
DA:560,0
DA:561,0
DA:566,0
DA:567,0
DA:568,0
DA:573,0
DA:574,0
DA:575,0
DA:579,0
DA:584,0
DA:585,0
LF:192
LH:0
BRDA:23,0,0,0
BRDA:23,0,1,0
BRDA:32,1,0,0
BRDA:32,1,1,0
BRDA:40,2,0,0
BRDA:40,2,1,0
BRDA:42,3,0,0
BRDA:42,3,1,0
BRDA:44,4,0,0
BRDA:44,4,1,0
BRDA:46,5,0,0
BRDA:46,5,1,0
BRDA:54,6,0,0
BRDA:54,6,1,0
BRDA:64,7,0,0
BRDA:69,8,0,0
BRDA:69,8,1,0
BRDA:81,9,0,0
BRDA:81,9,1,0
BRDA:111,10,0,0
BRDA:111,10,1,0
BRDA:116,11,0,0
BRDA:116,11,1,0
BRDA:122,12,0,0
BRDA:122,12,1,0
BRDA:122,13,0,0
BRDA:122,13,1,0
BRDA:127,14,0,0
BRDA:127,14,1,0
BRDA:130,15,0,0
BRDA:130,15,1,0
BRDA:144,16,0,0
BRDA:144,16,1,0
BRDA:146,17,0,0
BRDA:146,17,1,0
BRDA:175,18,0,0
BRDA:175,18,1,0
BRDA:191,19,0,0
BRDA:191,19,1,0
BRDA:206,20,0,0
BRDA:206,20,1,0
BRDA:222,21,0,0
BRDA:222,21,1,0
BRDA:232,22,0,0
BRDA:232,22,1,0
BRDA:242,23,0,0
BRDA:242,23,1,0
BRDA:247,24,0,0
BRDA:247,24,1,0
BRDA:260,25,0,0
BRDA:260,25,1,0
BRDA:262,26,0,0
BRDA:262,26,1,0
BRDA:284,27,0,0
BRDA:284,27,1,0
BRDA:286,28,0,0
BRDA:286,28,1,0
BRDA:296,29,0,0
BRDA:296,29,1,0
BRDA:296,30,0,0
BRDA:296,30,1,0
BRDA:298,31,0,0
BRDA:298,31,1,0
BRDA:323,32,0,0
BRDA:323,32,1,0
BRDA:328,33,0,0
BRDA:328,33,1,0
BRDA:330,34,0,0
BRDA:330,34,1,0
BRDA:342,35,0,0
BRDA:342,35,1,0
BRDA:348,36,0,0
BRDA:348,36,1,0
BRDA:350,37,0,0
BRDA:350,37,1,0
BRDA:362,38,0,0
BRDA:362,38,1,0
BRDA:362,39,0,0
BRDA:362,39,1,0
BRDA:366,40,0,0
BRDA:366,40,1,0
BRDA:377,41,0,0
BRDA:377,41,1,0
BRDA:391,42,0,0
BRDA:391,42,1,0
BRDA:398,43,0,0
BRDA:398,43,1,0
BRDA:409,44,0,0
BRDA:409,44,1,0
BRDA:415,45,0,0
BRDA:415,45,1,0
BRDA:415,46,0,0
BRDA:415,46,1,0
BRDA:424,47,0,0
BRDA:424,47,1,0
BRDA:430,48,0,0
BRDA:430,48,1,0
BRDA:440,49,0,0
BRDA:440,49,1,0
BRDA:447,50,0,0
BRDA:447,50,1,0
BRDA:453,51,0,0
BRDA:453,51,1,0
BRDA:477,52,0,0
BRDA:477,52,1,0
BRDA:485,53,0,0
BRDA:485,53,1,0
BRDA:485,54,0,0
BRDA:485,54,1,0
BRDA:509,55,0,0
BRDA:509,55,1,0
BRDA:546,56,0,0
BRDA:546,56,1,0
BRDA:560,57,0,0
BRDA:560,57,1,0
BRDA:561,58,0,0
BRDA:561,58,1,0
BRDA:567,59,0,0
BRDA:567,59,1,0
BRDA:579,60,0,0
BRDA:579,60,1,0
BRF:121
BRH:0
end_of_record
TN:
SF:staticfiles/js/test-dropdown.js
FN:2,(anonymous_0)
FN:6,(anonymous_1)
FN:12,(anonymous_2)
FNF:3
FNH:0
FNDA:0,(anonymous_0)
FNDA:0,(anonymous_1)
FNDA:0,(anonymous_2)
DA:2,0
DA:3,0
DA:4,0
DA:6,0
DA:7,0
DA:8,0
DA:9,0
DA:10,0
DA:11,0
DA:12,0
DA:13,0
LF:11
LH:0
BRDA:9,0,0,0
BRDA:9,0,1,0
BRDA:9,1,0,0
BRDA:9,1,1,0
BRF:4
BRH:0
end_of_record
